app/manifest-merger-release-report.txt
-- Merging decision tree log ---
manifest
ADDED from AndroidManifest.xml:2:1
	package
		ADDED from AndroidManifest.xml:3:5
		INJECTED from AndroidManifest.xml:0:0
		INJECTED from AndroidManifest.xml:0:0
	android:versionName
		INJECTED from AndroidManifest.xml:0:0
		INJECTED from AndroidManifest.xml:0:0
	xmlns:android
		ADDED from AndroidManifest.xml:2:11
	android:versionCode
		INJECTED from AndroidManifest.xml:0:0
		INJECTED from AndroidManifest.xml:0:0
uses-permission#android.permission.INTERNET
ADDED from AndroidManifest.xml:5:5
	android:name
		ADDED from AndroidManifest.xml:5:22
uses-permission#android.permission.ACCESS_NETWORK_STATE
ADDED from AndroidManifest.xml:6:5
	android:name
		ADDED from AndroidManifest.xml:6:22
uses-permission#android.permission.CAMERA
ADDED from AndroidManifest.xml:7:5
	android:name
		ADDED from AndroidManifest.xml:7:22
uses-feature#android.hardware.camera
ADDED from AndroidManifest.xml:9:5
	android:name
		ADDED from AndroidManifest.xml:9:19
uses-feature#android.hardware.camera.autofocus
ADDED from AndroidManifest.xml:10:5
	android:name
		ADDED from AndroidManifest.xml:10:19
uses-permission#android.permission.WRITE_EXTERNAL_STORAGE
ADDED from AndroidManifest.xml:12:5
	android:name
		ADDED from AndroidManifest.xml:12:22
permission#android.permission.FLASHLIGHT
ADDED from AndroidManifest.xml:14:5
	android:name
		ADDED from AndroidManifest.xml:14:17
uses-permission#android.permission.SEND_SMS
ADDED from AndroidManifest.xml:16:5
	android:name
		ADDED from AndroidManifest.xml:16:22
uses-permission#android.permission.RECEIVE_SMS
ADDED from AndroidManifest.xml:17:5
	android:name
		ADDED from AndroidManifest.xml:17:22
application
ADDED from AndroidManifest.xml:19:5
MERGED from com.android.support:appcompat-v7:21.0.3:16:5
MERGED from com.android.support:support-v4:21.0.3:16:5
	android:label
		ADDED from AndroidManifest.xml:22:9
	android:allowBackup
		ADDED from AndroidManifest.xml:20:9
	android:icon
		ADDED from AndroidManifest.xml:21:9
	android:theme
		ADDED from AndroidManifest.xml:23:9
activity#com.dabkick.developer3.login.MainActivity
ADDED from AndroidManifest.xml:26:9
	android:screenOrientation
		ADDED from AndroidManifest.xml:29:13
	android:label
		ADDED from AndroidManifest.xml:28:13
	android:windowSoftInputMode
		ADDED from AndroidManifest.xml:30:13
	android:name
		ADDED from AndroidManifest.xml:27:13
intent-filter#android.intent.action.MAIN+android.intent.category.LAUNCHER
ADDED from AndroidManifest.xml:31:13
action#android.intent.action.MAIN
ADDED from AndroidManifest.xml:32:17
	android:name
		ADDED from AndroidManifest.xml:32:25
category#android.intent.category.LAUNCHER
ADDED from AndroidManifest.xml:34:17
	android:name
		ADDED from AndroidManifest.xml:34:27
activity#com.dabkick.developer3.login.LoginActivity
ADDED from AndroidManifest.xml:37:9
	android:screenOrientation
		ADDED from AndroidManifest.xml:40:13
	android:label
		ADDED from AndroidManifest.xml:39:13
	android:windowSoftInputMode
		ADDED from AndroidManifest.xml:41:13
	android:name
		ADDED from AndroidManifest.xml:38:13
activity#com.dabkick.developer3.login.SignupActivity
ADDED from AndroidManifest.xml:42:9
	android:screenOrientation
		ADDED from AndroidManifest.xml:45:13
	android:label
		ADDED from AndroidManifest.xml:44:13
	android:name
		ADDED from AndroidManifest.xml:43:13
activity#com.dabkick.developer3.login.ProfilePictureActivity
ADDED from AndroidManifest.xml:46:9
	android:screenOrientation
		ADDED from AndroidManifest.xml:49:13
	android:label
		ADDED from AndroidManifest.xml:48:13
	android:windowSoftInputMode
		ADDED from AndroidManifest.xml:50:13
	android:name
		ADDED from AndroidManifest.xml:47:13
activity#com.dabkick.developer3.login.StartDabbing
ADDED from AndroidManifest.xml:51:9
	android:screenOrientation
		ADDED from AndroidManifest.xml:54:13
	android:label
		ADDED from AndroidManifest.xml:53:13
	android:name
		ADDED from AndroidManifest.xml:52:13
activity#com.dabkick.developer3.login.VerifyPhone
ADDED from AndroidManifest.xml:56:9
	android:screenOrientation
		ADDED from AndroidManifest.xml:59:13
	android:label
		ADDED from AndroidManifest.xml:58:13
	android:name
		ADDED from AndroidManifest.xml:57:13
activity#com.dabkick.developer3.login.ForgotPassword
ADDED from AndroidManifest.xml:61:9
	android:screenOrientation
		ADDED from AndroidManifest.xml:64:13
	android:label
		ADDED from AndroidManifest.xml:63:13
	android:name
		ADDED from AndroidManifest.xml:62:13
activity#com.dabkick.developer3.login.VerifyEmail
ADDED from AndroidManifest.xml:67:9
	android:screenOrientation
		ADDED from AndroidManifest.xml:70:13
	android:label
		ADDED from AndroidManifest.xml:69:13
	android:name
		ADDED from AndroidManifest.xml:68:13
uses-sdk
INJECTED from AndroidManifest.xml:0:0 reason: use-sdk injection requested
MERGED from com.android.support:appcompat-v7:21.0.3:15:5
MERGED from com.android.support:support-v4:21.0.3:15:5
	android:targetSdkVersion
		INJECTED from AndroidManifest.xml:0:0
		INJECTED from AndroidManifest.xml:0:0
	android:minSdkVersion
		INJECTED from AndroidManifest.xml:0:0
		INJECTED from AndroidManifest.xml:0:0